2019-08-10 17:08:16 [scrapy.utils.log] INFO: Scrapy 1.7.3 started (bot: weibohotsearch_crawler)
2019-08-10 17:08:16 [scrapy.utils.log] INFO: Versions: lxml 4.4.0.0, libxml2 2.9.9, cssselect 1.0.3, parsel 1.5.1, w3lib 1.20.0, Twisted 19.2.1, Python 2.7.12 (default, Nov 12 2018, 14:36:49) - [GCC 5.4.0 20160609], pyOpenSSL 19.0.0 (OpenSSL 1.1.1c  28 May 2019), cryptography 2.7, Platform Linux-4.15.0-51-generic-x86_64-with-debian-stretch-sid
2019-08-10 17:08:16 [scrapy.crawler] INFO: Overridden settings: {'NEWSPIDER_MODULE': 'weibohotsearch_crawler.spiders', 'FEED_URI': 'result.json', 'SPIDER_MODULES': ['weibohotsearch_crawler.spiders'], 'BOT_NAME': 'weibohotsearch_crawler', 'ROBOTSTXT_OBEY': True, 'FEED_FORMAT': 'json', 'LOG_FILE': 'logs/weibohotsearch/weibohotsearch/1b1eef9abbcc11e9971a000c29be0bc8.log'}
2019-08-10 17:08:16 [scrapy.extensions.telnet] INFO: Telnet Password: 34e23813b399c5a1
2019-08-10 17:08:16 [scrapy.middleware] INFO: Enabled extensions:
['scrapy.extensions.feedexport.FeedExporter',
 'scrapy.extensions.memusage.MemoryUsage',
 'scrapy.extensions.logstats.LogStats',
 'scrapy.extensions.telnet.TelnetConsole',
 'scrapy.extensions.corestats.CoreStats']
2019-08-10 17:08:16 [scrapy.middleware] INFO: Enabled downloader middlewares:
['scrapy.downloadermiddlewares.robotstxt.RobotsTxtMiddleware',
 'scrapy.downloadermiddlewares.httpauth.HttpAuthMiddleware',
 'scrapy.downloadermiddlewares.downloadtimeout.DownloadTimeoutMiddleware',
 'scrapy.downloadermiddlewares.defaultheaders.DefaultHeadersMiddleware',
 'scrapy.downloadermiddlewares.useragent.UserAgentMiddleware',
 'scrapy.downloadermiddlewares.retry.RetryMiddleware',
 'scrapy.downloadermiddlewares.redirect.MetaRefreshMiddleware',
 'scrapy.downloadermiddlewares.httpcompression.HttpCompressionMiddleware',
 'scrapy.downloadermiddlewares.redirect.RedirectMiddleware',
 'scrapy.downloadermiddlewares.cookies.CookiesMiddleware',
 'scrapy.downloadermiddlewares.httpproxy.HttpProxyMiddleware',
 'scrapy.downloadermiddlewares.stats.DownloaderStats']
2019-08-10 17:08:16 [scrapy.middleware] INFO: Enabled spider middlewares:
['scrapy.spidermiddlewares.httperror.HttpErrorMiddleware',
 'scrapy.spidermiddlewares.offsite.OffsiteMiddleware',
 'scrapy.spidermiddlewares.referer.RefererMiddleware',
 'scrapy.spidermiddlewares.urllength.UrlLengthMiddleware',
 'scrapy.spidermiddlewares.depth.DepthMiddleware']
2019-08-10 17:08:16 [twisted] CRITICAL: Unhandled error in Deferred:
2019-08-10 17:08:16 [twisted] CRITICAL: 
Traceback (most recent call last):
  File "/spiders/env_py2.7/lib/python2.7/site-packages/twisted/internet/defer.py", line 1418, in _inlineCallbacks
    result = g.send(result)
  File "/spiders/env_py2.7/lib/python2.7/site-packages/scrapy/crawler.py", line 104, in crawl
    six.reraise(*exc_info)
  File "/spiders/env_py2.7/lib/python2.7/site-packages/scrapy/crawler.py", line 86, in crawl
    self.engine = self._create_engine()
  File "/spiders/env_py2.7/lib/python2.7/site-packages/scrapy/crawler.py", line 111, in _create_engine
    return ExecutionEngine(self, lambda _: self.stop())
  File "/spiders/env_py2.7/lib/python2.7/site-packages/scrapy/core/engine.py", line 70, in __init__
    self.scraper = Scraper(crawler)
  File "/spiders/env_py2.7/lib/python2.7/site-packages/scrapy/core/scraper.py", line 71, in __init__
    self.itemproc = itemproc_cls.from_crawler(crawler)
  File "/spiders/env_py2.7/lib/python2.7/site-packages/scrapy/middleware.py", line 53, in from_crawler
    return cls.from_settings(crawler.settings, crawler)
  File "/spiders/env_py2.7/lib/python2.7/site-packages/scrapy/middleware.py", line 34, in from_settings
    mwcls = load_object(clspath)
  File "/spiders/env_py2.7/lib/python2.7/site-packages/scrapy/utils/misc.py", line 51, in load_object
    raise NameError("Module '%s' doesn't define any object named '%s'" % (module, name))
NameError: Module 'weibohotsearch_crawler.pipelines' doesn't define any object named 'TDenginePipeline'
